0 info it worked if it ends with ok
1 verbose cli [ '/usr/local/bin/node',
1 verbose cli   '/usr/local/bin/npm',
1 verbose cli   'install',
1 verbose cli   '-g',
1 verbose cli   'imageoptim-cli' ]
2 info using npm@4.0.3
3 info using node@v6.9.1
4 silly loadCurrentTree Starting
5 silly install loadCurrentTree
6 silly install readGlobalPackageData
7 silly fetchPackageMetaData imageoptim-cli
8 silly fetchNamedPackageData imageoptim-cli
9 silly mapToRegistry name imageoptim-cli
10 silly mapToRegistry using default registry
11 silly mapToRegistry registry https://registry.npmjs.org/
12 silly mapToRegistry data Result {
12 silly mapToRegistry   raw: 'imageoptim-cli',
12 silly mapToRegistry   scope: null,
12 silly mapToRegistry   escapedName: 'imageoptim-cli',
12 silly mapToRegistry   name: 'imageoptim-cli',
12 silly mapToRegistry   rawSpec: '',
12 silly mapToRegistry   spec: 'latest',
12 silly mapToRegistry   type: 'tag' }
13 silly mapToRegistry uri https://registry.npmjs.org/imageoptim-cli
14 verbose request uri https://registry.npmjs.org/imageoptim-cli
15 verbose request no auth needed
16 info attempt registry request try #1 at 6:38:52 PM
17 verbose request id 4e4325747dcfb536
18 http request GET https://registry.npmjs.org/imageoptim-cli
19 http 200 https://registry.npmjs.org/imageoptim-cli
20 verbose headers { 'content-type': 'application/json; charset=UTF-8',
20 verbose headers   server: 'AmazonS3',
20 verbose headers   'cache-control': 'max-age=300',
20 verbose headers   'last-modified': 'Wed, 22 Nov 2017 16:33:05 GMT',
20 verbose headers   etag: '"5a15a6c1-1047b"',
20 verbose headers   'x-npm-region': 'OZ',
20 verbose headers   'content-encoding': 'gzip',
20 verbose headers   'content-length': '9299',
20 verbose headers   'accept-ranges': 'bytes',
20 verbose headers   date: 'Sat, 24 Mar 2018 10:39:07 GMT',
20 verbose headers   via: '1.1 varnish',
20 verbose headers   age: '1',
20 verbose headers   connection: 'keep-alive',
20 verbose headers   'x-served-by': 'cache-mel19020-MEL',
20 verbose headers   'x-cache': 'MISS',
20 verbose headers   'x-cache-hits': '0',
20 verbose headers   'x-timer': 'S1521887947.596738,VS0,VE1380',
20 verbose headers   vary: 'Accept-Encoding, Accept' }
21 silly get cb [ 200,
21 silly get   { 'content-type': 'application/json; charset=UTF-8',
21 silly get     server: 'AmazonS3',
21 silly get     'cache-control': 'max-age=300',
21 silly get     'last-modified': 'Wed, 22 Nov 2017 16:33:05 GMT',
21 silly get     etag: '"5a15a6c1-1047b"',
21 silly get     'x-npm-region': 'OZ',
21 silly get     'content-encoding': 'gzip',
21 silly get     'content-length': '9299',
21 silly get     'accept-ranges': 'bytes',
21 silly get     date: 'Sat, 24 Mar 2018 10:39:07 GMT',
21 silly get     via: '1.1 varnish',
21 silly get     age: '1',
21 silly get     connection: 'keep-alive',
21 silly get     'x-served-by': 'cache-mel19020-MEL',
21 silly get     'x-cache': 'MISS',
21 silly get     'x-cache-hits': '0',
21 silly get     'x-timer': 'S1521887947.596738,VS0,VE1380',
21 silly get     vary: 'Accept-Encoding, Accept' } ]
22 verbose get saving imageoptim-cli to /Users/feralfp/.npm/registry.npmjs.org/imageoptim-cli/.cache.json
23 verbose correctMkdir /Users/feralfp/.npm correctMkdir not in flight; initializing
24 silly install normalizeTree
25 silly loadCurrentTree Finishing
26 silly loadIdealTree Starting
27 silly install loadIdealTree
28 silly cloneCurrentTree Starting
29 silly install cloneCurrentTreeToIdealTree
30 silly cloneCurrentTree Finishing
31 silly loadShrinkwrap Starting
32 silly install loadShrinkwrap
33 silly loadShrinkwrap Finishing
34 silly loadAllDepsIntoIdealTree Starting
35 silly install loadAllDepsIntoIdealTree
36 silly resolveWithNewModule imageoptim-cli@1.15.4 checking installable status
37 silly cache add args [ 'imageoptim-cli', null ]
38 verbose cache add spec imageoptim-cli
39 silly cache add parsed spec Result {
39 silly cache add   raw: 'imageoptim-cli',
39 silly cache add   scope: null,
39 silly cache add   escapedName: 'imageoptim-cli',
39 silly cache add   name: 'imageoptim-cli',
39 silly cache add   rawSpec: '',
39 silly cache add   spec: 'latest',
39 silly cache add   type: 'tag' }
40 silly addNamed imageoptim-cli@latest
41 verbose addNamed "latest" is being treated as a dist-tag for imageoptim-cli
42 info addNameTag [ 'imageoptim-cli', 'latest' ]
43 silly mapToRegistry name imageoptim-cli
44 silly mapToRegistry using default registry
45 silly mapToRegistry registry https://registry.npmjs.org/
46 silly mapToRegistry data Result {
46 silly mapToRegistry   raw: 'imageoptim-cli',
46 silly mapToRegistry   scope: null,
46 silly mapToRegistry   escapedName: 'imageoptim-cli',
46 silly mapToRegistry   name: 'imageoptim-cli',
46 silly mapToRegistry   rawSpec: '',
46 silly mapToRegistry   spec: 'latest',
46 silly mapToRegistry   type: 'tag' }
47 silly mapToRegistry uri https://registry.npmjs.org/imageoptim-cli
48 verbose addNameTag registry:https://registry.npmjs.org/imageoptim-cli not in flight; fetching
49 verbose get https://registry.npmjs.org/imageoptim-cli not expired, no request
50 silly addNameTag next cb for imageoptim-cli with tag latest
51 silly addNamed imageoptim-cli@1.15.4
52 verbose addNamed "1.15.4" is a plain semver version for imageoptim-cli
53 silly mapToRegistry name imageoptim-cli
54 silly mapToRegistry using default registry
55 silly mapToRegistry registry https://registry.npmjs.org/
56 silly mapToRegistry data Result {
56 silly mapToRegistry   raw: 'imageoptim-cli',
56 silly mapToRegistry   scope: null,
56 silly mapToRegistry   escapedName: 'imageoptim-cli',
56 silly mapToRegistry   name: 'imageoptim-cli',
56 silly mapToRegistry   rawSpec: '',
56 silly mapToRegistry   spec: 'latest',
56 silly mapToRegistry   type: 'tag' }
57 silly mapToRegistry uri https://registry.npmjs.org/imageoptim-cli
58 verbose addRemoteTarball https://registry.npmjs.org/imageoptim-cli/-/imageoptim-cli-1.15.4.tgz not in flight; adding
59 verbose addRemoteTarball [ 'https://registry.npmjs.org/imageoptim-cli/-/imageoptim-cli-1.15.4.tgz',
59 verbose addRemoteTarball   'ae68ba0ff984ba9602a55afac9db4108b1489287' ]
60 info retry fetch attempt 1 at 6:39:08 PM
61 info attempt registry request try #1 at 6:39:08 PM
62 http fetch GET https://registry.npmjs.org/imageoptim-cli/-/imageoptim-cli-1.15.4.tgz
63 http fetch 200 https://registry.npmjs.org/imageoptim-cli/-/imageoptim-cli-1.15.4.tgz
64 silly fetchAndShaCheck shasum ae68ba0ff984ba9602a55afac9db4108b1489287
65 verbose addTmpTarball /var/folders/9p/8rbyjq6s4bv7krsm2k6vntm80000gp/T/npm-38442-b1c48e18/registry.npmjs.org/imageoptim-cli/-/imageoptim-cli-1.15.4.tgz not in flight; adding
66 verbose addTmpTarball already have metadata; skipping unpack for imageoptim-cli@1.15.4
67 verbose correctMkdir /Users/feralfp/.npm correctMkdir not in flight; initializing
68 silly cache afterAdd imageoptim-cli@1.15.4
69 verbose afterAdd /Users/feralfp/.npm/imageoptim-cli/1.15.4/package/package.json not in flight; writing
70 verbose correctMkdir /Users/feralfp/.npm correctMkdir not in flight; initializing
71 verbose afterAdd /Users/feralfp/.npm/imageoptim-cli/1.15.4/package/package.json written
72 silly loadAllDepsIntoIdealTree Finishing
73 silly loadIdealTree Finishing
74 silly currentTree lib
75 silly idealTree lib
75 silly idealTree └── imageoptim-cli@1.15.4
76 silly generateActionsToTake Starting
77 silly install generateActionsToTake
78 warn checkPermissions Missing write access to /usr/local/lib/node_modules
79 silly rollbackFailedOptional Starting
80 silly rollbackFailedOptional Finishing
81 silly runTopLevelLifecycles Finishing
82 silly install printInstalled
83 verbose stack Error: EACCES: permission denied, access '/usr/local/lib/node_modules'
83 verbose stack     at Error (native)
84 verbose cwd /Users/feralfp/Desktop/victor-hugo
85 error Darwin 16.7.0
86 error argv "/usr/local/bin/node" "/usr/local/bin/npm" "install" "-g" "imageoptim-cli"
87 error node v6.9.1
88 error npm  v4.0.3
89 error path /usr/local/lib/node_modules
90 error code EACCES
91 error errno -13
92 error syscall access
93 error Error: EACCES: permission denied, access '/usr/local/lib/node_modules'
93 error     at Error (native)
93 error  { Error: EACCES: permission denied, access '/usr/local/lib/node_modules'
93 error     at Error (native)
93 error   errno: -13,
93 error   code: 'EACCES',
93 error   syscall: 'access',
93 error   path: '/usr/local/lib/node_modules' }
94 error Please try running this command again as root/Administrator.
95 verbose exit [ -13, true ]
